<?xml version="1.0" encoding="UTF-8"?>
<coverage generated="1572553934825" clover="3.2.0">
  <project timestamp="1572553934825" name="All files">
    <metrics statements="19" coveredstatements="19" conditionals="15" coveredconditionals="13" methods="2" coveredmethods="2" elements="36" coveredelements="34" complexity="0" loc="19" ncloc="19" packages="1" files="1" classes="1"/>
    <file name="date-calc.js" path="/mnt/c/pde/datetimeutils/date-calc.js">
      <metrics statements="19" coveredstatements="19" conditionals="15" coveredconditionals="13" methods="2" coveredmethods="2"/>
      <line num="1" count="1" type="stmt"/>
      <line num="10" count="1" type="stmt"/>
      <line num="17" count="9" type="cond" truecount="6" falsecount="0"/>
      <line num="18" count="5" type="stmt"/>
      <line num="22" count="5" type="stmt"/>
      <line num="23" count="5" type="stmt"/>
      <line num="24" count="5" type="stmt"/>
      <line num="25" count="4" type="stmt"/>
      <line num="28" count="1" type="stmt"/>
      <line num="29" count="5" type="stmt"/>
      <line num="30" count="5" type="stmt"/>
      <line num="31" count="5" type="cond" truecount="2" falsecount="0"/>
      <line num="32" count="4" type="cond" truecount="2" falsecount="0"/>
      <line num="33" count="1" type="stmt"/>
      <line num="34" count="3" type="cond" truecount="2" falsecount="0"/>
      <line num="35" count="1" type="stmt"/>
      <line num="36" count="2" type="stmt"/>
      <line num="38" count="1" type="stmt"/>
      <line num="42" count="1" type="stmt"/>
    </file>
  </project>
</coverage>
