{"/mnt/c/pde/datetimeutils/date-calc.js": {"path":"/mnt/c/pde/datetimeutils/date-calc.js","statementMap":{"0":{"start":{"line":1,"column":15},"end":{"line":1,"column":32}},"1":{"start":{"line":9,"column":21},"end":{"line":24,"column":1}},"2":{"start":{"line":15,"column":2},"end":{"line":23,"column":19}},"3":{"start":{"line":16,"column":26},"end":{"line":19,"column":5}},"4":{"start":{"line":20,"column":24},"end":{"line":20,"column":76}},"5":{"start":{"line":21,"column":21},"end":{"line":21,"column":69}},"6":{"start":{"line":22,"column":4},"end":{"line":22,"column":38}},"7":{"start":{"line":23,"column":9},"end":{"line":23,"column":19}},"8":{"start":{"line":26,"column":25},"end":{"line":38,"column":1}},"9":{"start":{"line":27,"column":16},"end":{"line":27,"column":44}},"10":{"start":{"line":28,"column":18},"end":{"line":28,"column":53}},"11":{"start":{"line":29,"column":2},"end":{"line":37,"column":3}},"12":{"start":{"line":30,"column":4},"end":{"line":34,"column":42}},"13":{"start":{"line":31,"column":6},"end":{"line":31,"column":25}},"14":{"start":{"line":32,"column":11},"end":{"line":34,"column":42}},"15":{"start":{"line":33,"column":6},"end":{"line":33,"column":27}},"16":{"start":{"line":34,"column":11},"end":{"line":34,"column":42}},"17":{"start":{"line":36,"column":4},"end":{"line":36,"column":14}},"18":{"start":{"line":40,"column":0},"end":{"line":40,"column":34}}},"fnMap":{"0":{"name":"(anonymous_0)","decl":{"start":{"line":9,"column":21},"end":{"line":9,"column":22}},"loc":{"start":{"line":14,"column":5},"end":{"line":24,"column":1}},"line":14},"1":{"name":"(anonymous_1)","decl":{"start":{"line":26,"column":25},"end":{"line":26,"column":26}},"loc":{"start":{"line":26,"column":37},"end":{"line":38,"column":1}},"line":26}},"branchMap":{"0":{"loc":{"start":{"line":12,"column":2},"end":{"line":12,"column":24}},"type":"default-arg","locations":[{"start":{"line":12,"column":14},"end":{"line":12,"column":24}}],"line":12},"1":{"loc":{"start":{"line":13,"column":2},"end":{"line":13,"column":22}},"type":"default-arg","locations":[{"start":{"line":13,"column":12},"end":{"line":13,"column":22}}],"line":13},"2":{"loc":{"start":{"line":15,"column":2},"end":{"line":23,"column":19}},"type":"if","locations":[{"start":{"line":15,"column":2},"end":{"line":23,"column":19}},{"start":{"line":15,"column":2},"end":{"line":23,"column":19}}],"line":15},"3":{"loc":{"start":{"line":15,"column":6},"end":{"line":15,"column":50}},"type":"binary-expr","locations":[{"start":{"line":15,"column":6},"end":{"line":15,"column":15}},{"start":{"line":15,"column":19},"end":{"line":15,"column":28}},{"start":{"line":15,"column":32},"end":{"line":15,"column":39}},{"start":{"line":15,"column":43},"end":{"line":15,"column":50}}],"line":15},"4":{"loc":{"start":{"line":29,"column":2},"end":{"line":37,"column":3}},"type":"if","locations":[{"start":{"line":29,"column":2},"end":{"line":37,"column":3}},{"start":{"line":29,"column":2},"end":{"line":37,"column":3}}],"line":29},"5":{"loc":{"start":{"line":30,"column":4},"end":{"line":34,"column":42}},"type":"if","locations":[{"start":{"line":30,"column":4},"end":{"line":34,"column":42}},{"start":{"line":30,"column":4},"end":{"line":34,"column":42}}],"line":30},"6":{"loc":{"start":{"line":32,"column":11},"end":{"line":34,"column":42}},"type":"if","locations":[{"start":{"line":32,"column":11},"end":{"line":34,"column":42}},{"start":{"line":32,"column":11},"end":{"line":34,"column":42}}],"line":32}},"s":{"0":1,"1":1,"2":9,"3":5,"4":5,"5":5,"6":5,"7":4,"8":1,"9":5,"10":5,"11":5,"12":4,"13":1,"14":3,"15":1,"16":2,"17":1,"18":1},"f":{"0":9,"1":5},"b":{"0":[0],"1":[0],"2":[5,4],"3":[9,7,7,5],"4":[4,1],"5":[1,3],"6":[1,2]},"_coverageSchema":"43e27e138ebf9cfc5966b082cf9a028302ed4184","hash":"ac096bf7e6e36828368e50e63bb59f0b639db989"}
}
