{"/mnt/c/pde/datetimeutils/date-calc.js": {"path":"/mnt/c/pde/datetimeutils/date-calc.js","statementMap":{"0":{"start":{"line":1,"column":15},"end":{"line":1,"column":32}},"1":{"start":{"line":10,"column":21},"end":{"line":26,"column":1}},"2":{"start":{"line":17,"column":2},"end":{"line":25,"column":19}},"3":{"start":{"line":18,"column":26},"end":{"line":21,"column":5}},"4":{"start":{"line":22,"column":24},"end":{"line":22,"column":71}},"5":{"start":{"line":23,"column":21},"end":{"line":23,"column":69}},"6":{"start":{"line":24,"column":4},"end":{"line":24,"column":38}},"7":{"start":{"line":25,"column":9},"end":{"line":25,"column":19}},"8":{"start":{"line":28,"column":25},"end":{"line":40,"column":1}},"9":{"start":{"line":29,"column":16},"end":{"line":29,"column":44}},"10":{"start":{"line":30,"column":18},"end":{"line":30,"column":53}},"11":{"start":{"line":31,"column":2},"end":{"line":39,"column":3}},"12":{"start":{"line":32,"column":4},"end":{"line":36,"column":42}},"13":{"start":{"line":33,"column":6},"end":{"line":33,"column":25}},"14":{"start":{"line":34,"column":11},"end":{"line":36,"column":42}},"15":{"start":{"line":35,"column":6},"end":{"line":35,"column":27}},"16":{"start":{"line":36,"column":11},"end":{"line":36,"column":42}},"17":{"start":{"line":38,"column":4},"end":{"line":38,"column":14}},"18":{"start":{"line":42,"column":0},"end":{"line":42,"column":34}}},"fnMap":{"0":{"name":"(anonymous_0)","decl":{"start":{"line":10,"column":21},"end":{"line":10,"column":22}},"loc":{"start":{"line":16,"column":5},"end":{"line":26,"column":1}},"line":16},"1":{"name":"(anonymous_1)","decl":{"start":{"line":28,"column":25},"end":{"line":28,"column":26}},"loc":{"start":{"line":28,"column":37},"end":{"line":40,"column":1}},"line":28}},"branchMap":{"0":{"loc":{"start":{"line":13,"column":2},"end":{"line":13,"column":24}},"type":"default-arg","locations":[{"start":{"line":13,"column":14},"end":{"line":13,"column":24}}],"line":13},"1":{"loc":{"start":{"line":14,"column":2},"end":{"line":14,"column":22}},"type":"default-arg","locations":[{"start":{"line":14,"column":12},"end":{"line":14,"column":22}}],"line":14},"2":{"loc":{"start":{"line":15,"column":2},"end":{"line":15,"column":38}},"type":"default-arg","locations":[{"start":{"line":15,"column":19},"end":{"line":15,"column":38}}],"line":15},"3":{"loc":{"start":{"line":17,"column":2},"end":{"line":25,"column":19}},"type":"if","locations":[{"start":{"line":17,"column":2},"end":{"line":25,"column":19}},{"start":{"line":17,"column":2},"end":{"line":25,"column":19}}],"line":17},"4":{"loc":{"start":{"line":17,"column":6},"end":{"line":17,"column":50}},"type":"binary-expr","locations":[{"start":{"line":17,"column":6},"end":{"line":17,"column":15}},{"start":{"line":17,"column":19},"end":{"line":17,"column":28}},{"start":{"line":17,"column":32},"end":{"line":17,"column":39}},{"start":{"line":17,"column":43},"end":{"line":17,"column":50}}],"line":17},"5":{"loc":{"start":{"line":31,"column":2},"end":{"line":39,"column":3}},"type":"if","locations":[{"start":{"line":31,"column":2},"end":{"line":39,"column":3}},{"start":{"line":31,"column":2},"end":{"line":39,"column":3}}],"line":31},"6":{"loc":{"start":{"line":32,"column":4},"end":{"line":36,"column":42}},"type":"if","locations":[{"start":{"line":32,"column":4},"end":{"line":36,"column":42}},{"start":{"line":32,"column":4},"end":{"line":36,"column":42}}],"line":32},"7":{"loc":{"start":{"line":34,"column":11},"end":{"line":36,"column":42}},"type":"if","locations":[{"start":{"line":34,"column":11},"end":{"line":36,"column":42}},{"start":{"line":34,"column":11},"end":{"line":36,"column":42}}],"line":34}},"s":{"0":1,"1":1,"2":9,"3":5,"4":5,"5":5,"6":5,"7":4,"8":1,"9":5,"10":5,"11":5,"12":4,"13":1,"14":3,"15":1,"16":2,"17":1,"18":1},"f":{"0":9,"1":5},"b":{"0":[0],"1":[0],"2":[9],"3":[5,4],"4":[9,7,7,5],"5":[4,1],"6":[1,3],"7":[1,2]},"_coverageSchema":"43e27e138ebf9cfc5966b082cf9a028302ed4184","hash":"ea44fd16fff2355f8c38874e6913eae62106b117"}
}
