TN:
SF:/mnt/c/pde/datetimeutils/date-calc.js
FN:9,(anonymous_0)
FN:26,(anonymous_1)
FNF:2
FNH:2
FNDA:9,(anonymous_0)
FNDA:5,(anonymous_1)
DA:1,1
DA:9,1
DA:15,9
DA:16,5
DA:20,5
DA:21,5
DA:22,5
DA:23,4
DA:26,1
DA:27,5
DA:28,5
DA:29,5
DA:30,4
DA:31,1
DA:32,3
DA:33,1
DA:34,2
DA:36,1
DA:40,1
LF:19
LH:19
BRDA:12,0,0,0
BRDA:13,1,0,0
BRDA:15,2,0,5
BRDA:15,2,1,4
BRDA:15,3,0,9
BRDA:15,3,1,7
BRDA:15,3,2,7
BRDA:15,3,3,5
BRDA:29,4,0,4
BRDA:29,4,1,1
BRDA:30,5,0,1
BRDA:30,5,1,3
BRDA:32,6,0,1
BRDA:32,6,1,2
BRF:14
BRH:12
end_of_record
