TN:
SF:/mnt/c/pde/datetimeutils/date-calc.js
FN:10,(anonymous_0)
FN:28,(anonymous_1)
FNF:2
FNH:2
FNDA:9,(anonymous_0)
FNDA:5,(anonymous_1)
DA:1,1
DA:10,1
DA:17,9
DA:18,5
DA:22,5
DA:23,5
DA:24,5
DA:25,4
DA:28,1
DA:29,5
DA:30,5
DA:31,5
DA:32,4
DA:33,1
DA:34,3
DA:35,1
DA:36,2
DA:38,1
DA:42,1
LF:19
LH:19
BRDA:13,0,0,0
BRDA:14,1,0,0
BRDA:15,2,0,9
BRDA:17,3,0,5
BRDA:17,3,1,4
BRDA:17,4,0,9
BRDA:17,4,1,7
BRDA:17,4,2,7
BRDA:17,4,3,5
BRDA:31,5,0,4
BRDA:31,5,1,1
BRDA:32,6,0,1
BRDA:32,6,1,3
BRDA:34,7,0,1
BRDA:34,7,1,2
BRF:15
BRH:13
end_of_record
